[07-Apr-2017 02:35:30 UTC] PHP Warning:  mysqli_query() expects parameter 1 to be mysqli, null given in /home/ubuntu/workspace/scripts/php/createDB.php on line 9
[07-Apr-2017 02:35:30 UTC] PHP Stack trace:
[07-Apr-2017 02:35:30 UTC] PHP   1. {main}() /home/ubuntu/workspace/scripts/php/createDB.php:0
[07-Apr-2017 02:35:30 UTC] PHP   2. mysqli_query() /home/ubuntu/workspace/scripts/php/createDB.php:9
[07-Apr-2017 02:35:30 UTC] PHP Warning:  mysqli_query() expects parameter 1 to be mysqli, null given in /home/ubuntu/workspace/scripts/php/createDB.php on line 18
[07-Apr-2017 02:35:30 UTC] PHP Stack trace:
[07-Apr-2017 02:35:30 UTC] PHP   1. {main}() /home/ubuntu/workspace/scripts/php/createDB.php:0
[07-Apr-2017 02:35:30 UTC] PHP   2. mysqli_query() /home/ubuntu/workspace/scripts/php/createDB.php:18
[07-Apr-2017 02:35:30 UTC] PHP Warning:  mysqli_close() expects parameter 1 to be mysqli, null given in /home/ubuntu/workspace/scripts/php/createDB.php on line 20
[07-Apr-2017 02:35:30 UTC] PHP Stack trace:
[07-Apr-2017 02:35:30 UTC] PHP   1. {main}() /home/ubuntu/workspace/scripts/php/createDB.php:0
[07-Apr-2017 02:35:30 UTC] PHP   2. mysqli_close() /home/ubuntu/workspace/scripts/php/createDB.php:20
[07-Apr-2017 02:44:08 UTC] PHP Parse error:  syntax error, unexpected '$sql' (T_VARIABLE) in /home/ubuntu/workspace/scripts/php/createDB.php on line 10
[07-Apr-2017 02:44:33 UTC] PHP Warning:  mysqli_query() expects parameter 1 to be mysqli, null given in /home/ubuntu/workspace/scripts/php/createDB.php on line 11
[07-Apr-2017 02:44:33 UTC] PHP Stack trace:
[07-Apr-2017 02:44:33 UTC] PHP   1. {main}() /home/ubuntu/workspace/scripts/php/createDB.php:0
[07-Apr-2017 02:44:33 UTC] PHP   2. mysqli_query() /home/ubuntu/workspace/scripts/php/createDB.php:11
[07-Apr-2017 02:44:33 UTC] PHP Warning:  mysqli_query() expects parameter 1 to be mysqli, null given in /home/ubuntu/workspace/scripts/php/createDB.php on line 20
[07-Apr-2017 02:44:33 UTC] PHP Stack trace:
[07-Apr-2017 02:44:33 UTC] PHP   1. {main}() /home/ubuntu/workspace/scripts/php/createDB.php:0
[07-Apr-2017 02:44:33 UTC] PHP   2. mysqli_query() /home/ubuntu/workspace/scripts/php/createDB.php:20
[07-Apr-2017 02:44:33 UTC] PHP Warning:  mysqli_close() expects parameter 1 to be mysqli, null given in /home/ubuntu/workspace/scripts/php/createDB.php on line 22
[07-Apr-2017 02:44:33 UTC] PHP Stack trace:
[07-Apr-2017 02:44:33 UTC] PHP   1. {main}() /home/ubuntu/workspace/scripts/php/createDB.php:0
[07-Apr-2017 02:44:33 UTC] PHP   2. mysqli_close() /home/ubuntu/workspace/scripts/php/createDB.php:22
[07-Apr-2017 02:48:17 UTC] PHP Warning:  mysqli_query(): Empty query in /home/ubuntu/workspace/scripts/php/createDB.php on line 12
[07-Apr-2017 02:48:17 UTC] PHP Stack trace:
[07-Apr-2017 02:48:17 UTC] PHP   1. {main}() /home/ubuntu/workspace/scripts/php/createDB.php:0
[07-Apr-2017 02:48:17 UTC] PHP   2. mysqli_query() /home/ubuntu/workspace/scripts/php/createDB.php:12
[07-Apr-2017 02:48:17 UTC] PHP Warning:  mysqli_query(): Empty query in /home/ubuntu/workspace/scripts/php/createDB.php on line 21
[07-Apr-2017 02:48:17 UTC] PHP Stack trace:
[07-Apr-2017 02:48:17 UTC] PHP   1. {main}() /home/ubuntu/workspace/scripts/php/createDB.php:0
[07-Apr-2017 02:48:17 UTC] PHP   2. mysqli_query() /home/ubuntu/workspace/scripts/php/createDB.php:21
[07-Apr-2017 02:48:26 UTC] PHP Warning:  mysqli_query(): Empty query in /home/ubuntu/workspace/scripts/php/createDB.php on line 12
[07-Apr-2017 02:48:26 UTC] PHP Stack trace:
[07-Apr-2017 02:48:26 UTC] PHP   1. {main}() /home/ubuntu/workspace/scripts/php/createDB.php:0
[07-Apr-2017 02:48:26 UTC] PHP   2. mysqli_query() /home/ubuntu/workspace/scripts/php/createDB.php:12
[07-Apr-2017 02:48:26 UTC] PHP Warning:  mysqli_query(): Empty query in /home/ubuntu/workspace/scripts/php/createDB.php on line 21
[07-Apr-2017 02:48:26 UTC] PHP Stack trace:
[07-Apr-2017 02:48:26 UTC] PHP   1. {main}() /home/ubuntu/workspace/scripts/php/createDB.php:0
[07-Apr-2017 02:48:26 UTC] PHP   2. mysqli_query() /home/ubuntu/workspace/scripts/php/createDB.php:21
[07-Apr-2017 02:49:48 UTC] PHP Warning:  mysqli_query(): Empty query in /home/ubuntu/workspace/scripts/php/createDB.php on line 21
[07-Apr-2017 02:49:48 UTC] PHP Stack trace:
[07-Apr-2017 02:49:48 UTC] PHP   1. {main}() /home/ubuntu/workspace/scripts/php/createDB.php:0
[07-Apr-2017 02:49:48 UTC] PHP   2. mysqli_query() /home/ubuntu/workspace/scripts/php/createDB.php:21
